  main.cpp
  texbind.cpp
c:\users\gjsrl\documents\git_space\장윤_컴퓨터 그래픽스(with opengl)\hw5\texbind.cpp(9): warning C4554: '^': 연산자 우선 순위에 오류가 있는지 확인하세요. 괄호를 사용하여 우선 순위를 명확하게 지정하세요.
c:\users\gjsrl\documents\git_space\장윤_컴퓨터 그래픽스(with opengl)\hw5\texbind.cpp(14): warning C4554: '^': 연산자 우선 순위에 오류가 있는지 확인하세요. 괄호를 사용하여 우선 순위를 명확하게 지정하세요.
c:\users\gjsrl\documents\git_space\장윤_컴퓨터 그래픽스(with opengl)\hw5\texbind.cpp(15): error C2065: 'otherImage': 선언되지 않은 식별자입니다.
c:\users\gjsrl\documents\git_space\장윤_컴퓨터 그래픽스(with opengl)\hw5\texbind.cpp(16): error C2065: 'otherImage': 선언되지 않은 식별자입니다.
c:\users\gjsrl\documents\git_space\장윤_컴퓨터 그래픽스(with opengl)\hw5\texbind.cpp(17): error C2065: 'otherImage': 선언되지 않은 식별자입니다.
c:\users\gjsrl\documents\git_space\장윤_컴퓨터 그래픽스(with opengl)\hw5\texbind.cpp(18): error C2065: 'otherImage': 선언되지 않은 식별자입니다.
c:\users\gjsrl\documents\git_space\장윤_컴퓨터 그래픽스(with opengl)\hw5\texbind.cpp(34): error C2664: 'void glGenTextures(GLsizei,GLuint *)': 인수 2을(를) 'GLuint'에서 'GLuint *'(으)로 변환할 수 없습니다.
  c:\users\gjsrl\documents\git_space\장윤_컴퓨터 그래픽스(with opengl)\hw5\texbind.cpp(34): note: 정수 계열 형식에서 포인터 형식으로 변환하려면 reinterpret_cast, C 스타일 캐스트 또는 함수 스타일 캐스트가 필요합니다.
c:\users\gjsrl\documents\git_space\장윤_컴퓨터 그래픽스(with opengl)\hw5\texbind.cpp(37): error C2109: 첨자는 배열 또는 포인터 형식을 사용해야 합니다.
c:\users\gjsrl\documents\git_space\장윤_컴퓨터 그래픽스(with opengl)\hw5\texbind.cpp(37): error C2660: 'glBindTexture': 함수는 1개의 매개 변수를 사용하지 않습니다.
  c:\program files (x86)\windows kits\10\include\10.0.17763.0\um\gl\gl.h(1162): note: 'glBindTexture' 선언을 참조하십시오.
c:\users\gjsrl\documents\git_space\장윤_컴퓨터 그래픽스(with opengl)\hw5\texbind.cpp(45): error C2109: 첨자는 배열 또는 포인터 형식을 사용해야 합니다.
c:\users\gjsrl\documents\git_space\장윤_컴퓨터 그래픽스(with opengl)\hw5\texbind.cpp(45): error C2660: 'glBindTexture': 함수는 1개의 매개 변수를 사용하지 않습니다.
  c:\program files (x86)\windows kits\10\include\10.0.17763.0\um\gl\gl.h(1162): note: 'glBindTexture' 선언을 참조하십시오.
c:\users\gjsrl\documents\git_space\장윤_컴퓨터 그래픽스(with opengl)\hw5\texbind.cpp(51): error C2065: 'otherImage': 선언되지 않은 식별자입니다.
c:\users\gjsrl\documents\git_space\장윤_컴퓨터 그래픽스(with opengl)\hw5\texbind.cpp(60): error C2109: 첨자는 배열 또는 포인터 형식을 사용해야 합니다.
c:\users\gjsrl\documents\git_space\장윤_컴퓨터 그래픽스(with opengl)\hw5\texbind.cpp(60): error C2660: 'glBindTexture': 함수는 1개의 매개 변수를 사용하지 않습니다.
  c:\program files (x86)\windows kits\10\include\10.0.17763.0\um\gl\gl.h(1162): note: 'glBindTexture' 선언을 참조하십시오.
c:\users\gjsrl\documents\git_space\장윤_컴퓨터 그래픽스(with opengl)\hw5\texbind.cpp(70): warning C4305: '인수': 'double'에서 'GLfloat'(으)로 잘립니다.
c:\users\gjsrl\documents\git_space\장윤_컴퓨터 그래픽스(with opengl)\hw5\texbind.cpp(71): warning C4305: '인수': 'double'에서 'GLfloat'(으)로 잘립니다.
c:\users\gjsrl\documents\git_space\장윤_컴퓨터 그래픽스(with opengl)\hw5\texbind.cpp(86): warning C4305: '인수': 'double'에서 'GLfloat'(으)로 잘립니다.
  texcel.cpp
  코드를 생성하고 있습니다...
