  roomPlane.cpp
c:\users\gjsrl\documents\git_space\장윤_컴퓨터 그래픽스(with opengl)\hw4\roomplane.cpp(31): warning C4305: '인수': 'double'에서 'GLfloat'(으)로 잘립니다.
c:\users\gjsrl\documents\git_space\장윤_컴퓨터 그래픽스(with opengl)\hw4\roomplane.cpp(31): warning C4244: '인수': 'double'에서 'GLfloat'(으)로 변환하면서 데이터가 손실될 수 있습니다.
c:\users\gjsrl\documents\git_space\장윤_컴퓨터 그래픽스(with opengl)\hw4\roomplane.cpp(32): warning C4305: '인수': 'double'에서 'GLfloat'(으)로 잘립니다.
c:\users\gjsrl\documents\git_space\장윤_컴퓨터 그래픽스(with opengl)\hw4\roomplane.cpp(32): warning C4244: '인수': 'double'에서 'GLfloat'(으)로 변환하면서 데이터가 손실될 수 있습니다.
c:\users\gjsrl\documents\git_space\장윤_컴퓨터 그래픽스(with opengl)\hw4\roomplane.cpp(33): warning C4305: '인수': 'double'에서 'GLfloat'(으)로 잘립니다.
c:\users\gjsrl\documents\git_space\장윤_컴퓨터 그래픽스(with opengl)\hw4\roomplane.cpp(33): warning C4244: '인수': 'double'에서 'GLfloat'(으)로 변환하면서 데이터가 손실될 수 있습니다.
c:\users\gjsrl\documents\git_space\장윤_컴퓨터 그래픽스(with opengl)\hw4\roomplane.cpp(36): warning C4305: '인수': 'double'에서 'GLfloat'(으)로 잘립니다.
c:\users\gjsrl\documents\git_space\장윤_컴퓨터 그래픽스(with opengl)\hw4\roomplane.cpp(36): warning C4244: '인수': 'double'에서 'GLfloat'(으)로 변환하면서 데이터가 손실될 수 있습니다.
c:\users\gjsrl\documents\git_space\장윤_컴퓨터 그래픽스(with opengl)\hw4\roomplane.cpp(37): warning C4305: '인수': 'double'에서 'GLfloat'(으)로 잘립니다.
c:\users\gjsrl\documents\git_space\장윤_컴퓨터 그래픽스(with opengl)\hw4\roomplane.cpp(37): warning C4244: '인수': 'double'에서 'GLfloat'(으)로 변환하면서 데이터가 손실될 수 있습니다.
c:\users\gjsrl\documents\git_space\장윤_컴퓨터 그래픽스(with opengl)\hw4\roomplane.cpp(38): warning C4305: '인수': 'double'에서 'GLfloat'(으)로 잘립니다.
c:\users\gjsrl\documents\git_space\장윤_컴퓨터 그래픽스(with opengl)\hw4\roomplane.cpp(38): warning C4244: '인수': 'double'에서 'GLfloat'(으)로 변환하면서 데이터가 손실될 수 있습니다.
c:\users\gjsrl\documents\git_space\장윤_컴퓨터 그래픽스(with opengl)\hw4\roomplane.cpp(41): warning C4305: '인수': 'double'에서 'GLfloat'(으)로 잘립니다.
c:\users\gjsrl\documents\git_space\장윤_컴퓨터 그래픽스(with opengl)\hw4\roomplane.cpp(41): warning C4244: '인수': 'double'에서 'GLfloat'(으)로 변환하면서 데이터가 손실될 수 있습니다.
c:\users\gjsrl\documents\git_space\장윤_컴퓨터 그래픽스(with opengl)\hw4\roomplane.cpp(42): warning C4305: '인수': 'double'에서 'GLfloat'(으)로 잘립니다.
c:\users\gjsrl\documents\git_space\장윤_컴퓨터 그래픽스(with opengl)\hw4\roomplane.cpp(42): warning C4244: '인수': 'double'에서 'GLfloat'(으)로 변환하면서 데이터가 손실될 수 있습니다.
c:\users\gjsrl\documents\git_space\장윤_컴퓨터 그래픽스(with opengl)\hw4\roomplane.cpp(43): warning C4244: '인수': 'double'에서 'GLfloat'(으)로 변환하면서 데이터가 손실될 수 있습니다.
c:\users\gjsrl\documents\git_space\장윤_컴퓨터 그래픽스(with opengl)\hw4\roomplane.cpp(46): warning C4244: '인수': 'double'에서 'GLfloat'(으)로 변환하면서 데이터가 손실될 수 있습니다.
c:\users\gjsrl\documents\git_space\장윤_컴퓨터 그래픽스(with opengl)\hw4\roomplane.cpp(47): warning C4305: '인수': 'double'에서 'GLfloat'(으)로 잘립니다.
c:\users\gjsrl\documents\git_space\장윤_컴퓨터 그래픽스(with opengl)\hw4\roomplane.cpp(47): warning C4244: '인수': 'double'에서 'GLfloat'(으)로 변환하면서 데이터가 손실될 수 있습니다.
c:\users\gjsrl\documents\git_space\장윤_컴퓨터 그래픽스(with opengl)\hw4\roomplane.cpp(48): warning C4244: '인수': 'double'에서 'GLfloat'(으)로 변환하면서 데이터가 손실될 수 있습니다.
c:\users\gjsrl\documents\git_space\장윤_컴퓨터 그래픽스(with opengl)\hw4\roomplane.cpp(51): warning C4305: '인수': 'double'에서 'GLfloat'(으)로 잘립니다.
c:\users\gjsrl\documents\git_space\장윤_컴퓨터 그래픽스(with opengl)\hw4\roomplane.cpp(51): warning C4244: '인수': 'double'에서 'GLfloat'(으)로 변환하면서 데이터가 손실될 수 있습니다.
c:\users\gjsrl\documents\git_space\장윤_컴퓨터 그래픽스(with opengl)\hw4\roomplane.cpp(52): warning C4305: '인수': 'double'에서 'GLfloat'(으)로 잘립니다.
c:\users\gjsrl\documents\git_space\장윤_컴퓨터 그래픽스(with opengl)\hw4\roomplane.cpp(52): warning C4244: '인수': 'double'에서 'GLfloat'(으)로 변환하면서 데이터가 손실될 수 있습니다.
c:\users\gjsrl\documents\git_space\장윤_컴퓨터 그래픽스(with opengl)\hw4\roomplane.cpp(53): warning C4244: '인수': 'double'에서 'GLfloat'(으)로 변환하면서 데이터가 손실될 수 있습니다.
c:\users\gjsrl\documents\git_space\장윤_컴퓨터 그래픽스(with opengl)\hw4\roomplane.cpp(56): warning C4244: '인수': 'double'에서 'GLfloat'(으)로 변환하면서 데이터가 손실될 수 있습니다.
c:\users\gjsrl\documents\git_space\장윤_컴퓨터 그래픽스(with opengl)\hw4\roomplane.cpp(57): warning C4305: '인수': 'double'에서 'GLfloat'(으)로 잘립니다.
c:\users\gjsrl\documents\git_space\장윤_컴퓨터 그래픽스(with opengl)\hw4\roomplane.cpp(57): warning C4244: '인수': 'double'에서 'GLfloat'(으)로 변환하면서 데이터가 손실될 수 있습니다.
c:\users\gjsrl\documents\git_space\장윤_컴퓨터 그래픽스(with opengl)\hw4\roomplane.cpp(58): warning C4244: '인수': 'double'에서 'GLfloat'(으)로 변환하면서 데이터가 손실될 수 있습니다.
c:\users\gjsrl\documents\git_space\장윤_컴퓨터 그래픽스(with opengl)\hw4\roomplane.cpp(61): warning C4244: '인수': 'double'에서 'GLfloat'(으)로 변환하면서 데이터가 손실될 수 있습니다.
c:\users\gjsrl\documents\git_space\장윤_컴퓨터 그래픽스(with opengl)\hw4\roomplane.cpp(62): warning C4305: '인수': 'double'에서 'GLfloat'(으)로 잘립니다.
c:\users\gjsrl\documents\git_space\장윤_컴퓨터 그래픽스(with opengl)\hw4\roomplane.cpp(62): warning C4244: '인수': 'double'에서 'GLfloat'(으)로 변환하면서 데이터가 손실될 수 있습니다.
c:\users\gjsrl\documents\git_space\장윤_컴퓨터 그래픽스(with opengl)\hw4\roomplane.cpp(63): warning C4305: '인수': 'double'에서 'GLfloat'(으)로 잘립니다.
c:\users\gjsrl\documents\git_space\장윤_컴퓨터 그래픽스(with opengl)\hw4\roomplane.cpp(63): warning C4244: '인수': 'double'에서 'GLfloat'(으)로 변환하면서 데이터가 손실될 수 있습니다.
c:\users\gjsrl\documents\git_space\장윤_컴퓨터 그래픽스(with opengl)\hw4\roomplane.cpp(66): warning C4244: '인수': 'double'에서 'GLfloat'(으)로 변환하면서 데이터가 손실될 수 있습니다.
c:\users\gjsrl\documents\git_space\장윤_컴퓨터 그래픽스(with opengl)\hw4\roomplane.cpp(67): warning C4305: '인수': 'double'에서 'GLfloat'(으)로 잘립니다.
c:\users\gjsrl\documents\git_space\장윤_컴퓨터 그래픽스(with opengl)\hw4\roomplane.cpp(67): warning C4244: '인수': 'double'에서 'GLfloat'(으)로 변환하면서 데이터가 손실될 수 있습니다.
c:\users\gjsrl\documents\git_space\장윤_컴퓨터 그래픽스(with opengl)\hw4\roomplane.cpp(68): warning C4244: '인수': 'double'에서 'GLfloat'(으)로 변환하면서 데이터가 손실될 수 있습니다.
c:\users\gjsrl\documents\git_space\장윤_컴퓨터 그래픽스(with opengl)\hw4\roomplane.cpp(71): warning C4244: '인수': 'double'에서 'GLfloat'(으)로 변환하면서 데이터가 손실될 수 있습니다.
c:\users\gjsrl\documents\git_space\장윤_컴퓨터 그래픽스(with opengl)\hw4\roomplane.cpp(72): warning C4305: '인수': 'double'에서 'GLfloat'(으)로 잘립니다.
c:\users\gjsrl\documents\git_space\장윤_컴퓨터 그래픽스(with opengl)\hw4\roomplane.cpp(72): warning C4244: '인수': 'double'에서 'GLfloat'(으)로 변환하면서 데이터가 손실될 수 있습니다.
c:\users\gjsrl\documents\git_space\장윤_컴퓨터 그래픽스(with opengl)\hw4\roomplane.cpp(73): warning C4305: '인수': 'double'에서 'GLfloat'(으)로 잘립니다.
c:\users\gjsrl\documents\git_space\장윤_컴퓨터 그래픽스(with opengl)\hw4\roomplane.cpp(73): warning C4244: '인수': 'double'에서 'GLfloat'(으)로 변환하면서 데이터가 손실될 수 있습니다.
c:\users\gjsrl\documents\git_space\장윤_컴퓨터 그래픽스(with opengl)\hw4\roomplane.cpp(76): warning C4244: '인수': 'double'에서 'GLfloat'(으)로 변환하면서 데이터가 손실될 수 있습니다.
c:\users\gjsrl\documents\git_space\장윤_컴퓨터 그래픽스(with opengl)\hw4\roomplane.cpp(77): warning C4305: '인수': 'double'에서 'GLfloat'(으)로 잘립니다.
c:\users\gjsrl\documents\git_space\장윤_컴퓨터 그래픽스(with opengl)\hw4\roomplane.cpp(77): warning C4244: '인수': 'double'에서 'GLfloat'(으)로 변환하면서 데이터가 손실될 수 있습니다.
c:\users\gjsrl\documents\git_space\장윤_컴퓨터 그래픽스(with opengl)\hw4\roomplane.cpp(78): warning C4244: '인수': 'double'에서 'GLfloat'(으)로 변환하면서 데이터가 손실될 수 있습니다.
c:\users\gjsrl\documents\git_space\장윤_컴퓨터 그래픽스(with opengl)\hw4\roomplane.cpp(81): warning C4244: '인수': 'double'에서 'GLfloat'(으)로 변환하면서 데이터가 손실될 수 있습니다.
c:\users\gjsrl\documents\git_space\장윤_컴퓨터 그래픽스(with opengl)\hw4\roomplane.cpp(82): warning C4244: '인수': 'double'에서 'GLfloat'(으)로 변환하면서 데이터가 손실될 수 있습니다.
c:\users\gjsrl\documents\git_space\장윤_컴퓨터 그래픽스(with opengl)\hw4\roomplane.cpp(83): warning C4244: '인수': 'double'에서 'GLfloat'(으)로 변환하면서 데이터가 손실될 수 있습니다.
c:\users\gjsrl\documents\git_space\장윤_컴퓨터 그래픽스(with opengl)\hw4\roomplane.cpp(86): warning C4244: '인수': 'double'에서 'GLfloat'(으)로 변환하면서 데이터가 손실될 수 있습니다.
c:\users\gjsrl\documents\git_space\장윤_컴퓨터 그래픽스(with opengl)\hw4\roomplane.cpp(87): warning C4244: '인수': 'double'에서 'GLfloat'(으)로 변환하면서 데이터가 손실될 수 있습니다.
c:\users\gjsrl\documents\git_space\장윤_컴퓨터 그래픽스(with opengl)\hw4\roomplane.cpp(88): warning C4244: '인수': 'double'에서 'GLfloat'(으)로 변환하면서 데이터가 손실될 수 있습니다.
c:\users\gjsrl\documents\git_space\장윤_컴퓨터 그래픽스(with opengl)\hw4\roomplane.cpp(93): warning C4305: '인수': 'double'에서 'GLfloat'(으)로 잘립니다.
c:\users\gjsrl\documents\git_space\장윤_컴퓨터 그래픽스(with opengl)\hw4\roomplane.cpp(110): warning C4305: '인수': 'double'에서 'GLfloat'(으)로 잘립니다.
c:\users\gjsrl\documents\git_space\장윤_컴퓨터 그래픽스(with opengl)\hw4\roomplane.cpp(110): warning C4244: '인수': 'double'에서 'GLfloat'(으)로 변환하면서 데이터가 손실될 수 있습니다.
c:\users\gjsrl\documents\git_space\장윤_컴퓨터 그래픽스(with opengl)\hw4\roomplane.cpp(111): warning C4305: '인수': 'double'에서 'GLfloat'(으)로 잘립니다.
c:\users\gjsrl\documents\git_space\장윤_컴퓨터 그래픽스(with opengl)\hw4\roomplane.cpp(111): warning C4244: '인수': 'double'에서 'GLfloat'(으)로 변환하면서 데이터가 손실될 수 있습니다.
c:\users\gjsrl\documents\git_space\장윤_컴퓨터 그래픽스(with opengl)\hw4\roomplane.cpp(112): warning C4305: '인수': 'double'에서 'GLfloat'(으)로 잘립니다.
c:\users\gjsrl\documents\git_space\장윤_컴퓨터 그래픽스(with opengl)\hw4\roomplane.cpp(112): warning C4244: '인수': 'double'에서 'GLfloat'(으)로 변환하면서 데이터가 손실될 수 있습니다.
c:\users\gjsrl\documents\git_space\장윤_컴퓨터 그래픽스(with opengl)\hw4\roomplane.cpp(115): warning C4305: '인수': 'double'에서 'GLfloat'(으)로 잘립니다.
c:\users\gjsrl\documents\git_space\장윤_컴퓨터 그래픽스(with opengl)\hw4\roomplane.cpp(115): warning C4244: '인수': 'double'에서 'GLfloat'(으)로 변환하면서 데이터가 손실될 수 있습니다.
c:\users\gjsrl\documents\git_space\장윤_컴퓨터 그래픽스(with opengl)\hw4\roomplane.cpp(116): warning C4305: '인수': 'double'에서 'GLfloat'(으)로 잘립니다.
c:\users\gjsrl\documents\git_space\장윤_컴퓨터 그래픽스(with opengl)\hw4\roomplane.cpp(116): warning C4244: '인수': 'double'에서 'GLfloat'(으)로 변환하면서 데이터가 손실될 수 있습니다.
c:\users\gjsrl\documents\git_space\장윤_컴퓨터 그래픽스(with opengl)\hw4\roomplane.cpp(117): warning C4305: '인수': 'double'에서 'GLfloat'(으)로 잘립니다.
c:\users\gjsrl\documents\git_space\장윤_컴퓨터 그래픽스(with opengl)\hw4\roomplane.cpp(117): warning C4244: '인수': 'double'에서 'GLfloat'(으)로 변환하면서 데이터가 손실될 수 있습니다.
c:\users\gjsrl\documents\git_space\장윤_컴퓨터 그래픽스(with opengl)\hw4\roomplane.cpp(120): warning C4305: '인수': 'double'에서 'GLfloat'(으)로 잘립니다.
c:\users\gjsrl\documents\git_space\장윤_컴퓨터 그래픽스(with opengl)\hw4\roomplane.cpp(120): warning C4244: '인수': 'double'에서 'GLfloat'(으)로 변환하면서 데이터가 손실될 수 있습니다.
c:\users\gjsrl\documents\git_space\장윤_컴퓨터 그래픽스(with opengl)\hw4\roomplane.cpp(121): warning C4305: '인수': 'double'에서 'GLfloat'(으)로 잘립니다.
c:\users\gjsrl\documents\git_space\장윤_컴퓨터 그래픽스(with opengl)\hw4\roomplane.cpp(121): warning C4244: '인수': 'double'에서 'GLfloat'(으)로 변환하면서 데이터가 손실될 수 있습니다.
c:\users\gjsrl\documents\git_space\장윤_컴퓨터 그래픽스(with opengl)\hw4\roomplane.cpp(122): warning C4244: '인수': 'double'에서 'GLfloat'(으)로 변환하면서 데이터가 손실될 수 있습니다.
c:\users\gjsrl\documents\git_space\장윤_컴퓨터 그래픽스(with opengl)\hw4\roomplane.cpp(125): warning C4244: '인수': 'double'에서 'GLfloat'(으)로 변환하면서 데이터가 손실될 수 있습니다.
c:\users\gjsrl\documents\git_space\장윤_컴퓨터 그래픽스(with opengl)\hw4\roomplane.cpp(126): warning C4305: '인수': 'double'에서 'GLfloat'(으)로 잘립니다.
c:\users\gjsrl\documents\git_space\장윤_컴퓨터 그래픽스(with opengl)\hw4\roomplane.cpp(126): warning C4244: '인수': 'double'에서 'GLfloat'(으)로 변환하면서 데이터가 손실될 수 있습니다.
c:\users\gjsrl\documents\git_space\장윤_컴퓨터 그래픽스(with opengl)\hw4\roomplane.cpp(127): warning C4244: '인수': 'double'에서 'GLfloat'(으)로 변환하면서 데이터가 손실될 수 있습니다.
c:\users\gjsrl\documents\git_space\장윤_컴퓨터 그래픽스(with opengl)\hw4\roomplane.cpp(130): warning C4305: '인수': 'double'에서 'GLfloat'(으)로 잘립니다.
c:\users\gjsrl\documents\git_space\장윤_컴퓨터 그래픽스(with opengl)\hw4\roomplane.cpp(130): warning C4244: '인수': 'double'에서 'GLfloat'(으)로 변환하면서 데이터가 손실될 수 있습니다.
c:\users\gjsrl\documents\git_space\장윤_컴퓨터 그래픽스(with opengl)\hw4\roomplane.cpp(131): warning C4305: '인수': 'double'에서 'GLfloat'(으)로 잘립니다.
c:\users\gjsrl\documents\git_space\장윤_컴퓨터 그래픽스(with opengl)\hw4\roomplane.cpp(131): warning C4244: '인수': 'double'에서 'GLfloat'(으)로 변환하면서 데이터가 손실될 수 있습니다.
c:\users\gjsrl\documents\git_space\장윤_컴퓨터 그래픽스(with opengl)\hw4\roomplane.cpp(132): warning C4244: '인수': 'double'에서 'GLfloat'(으)로 변환하면서 데이터가 손실될 수 있습니다.
c:\users\gjsrl\documents\git_space\장윤_컴퓨터 그래픽스(with opengl)\hw4\roomplane.cpp(135): warning C4244: '인수': 'double'에서 'GLfloat'(으)로 변환하면서 데이터가 손실될 수 있습니다.
c:\users\gjsrl\documents\git_space\장윤_컴퓨터 그래픽스(with opengl)\hw4\roomplane.cpp(136): warning C4305: '인수': 'double'에서 'GLfloat'(으)로 잘립니다.
c:\users\gjsrl\documents\git_space\장윤_컴퓨터 그래픽스(with opengl)\hw4\roomplane.cpp(136): warning C4244: '인수': 'double'에서 'GLfloat'(으)로 변환하면서 데이터가 손실될 수 있습니다.
c:\users\gjsrl\documents\git_space\장윤_컴퓨터 그래픽스(with opengl)\hw4\roomplane.cpp(137): warning C4244: '인수': 'double'에서 'GLfloat'(으)로 변환하면서 데이터가 손실될 수 있습니다.
c:\users\gjsrl\documents\git_space\장윤_컴퓨터 그래픽스(with opengl)\hw4\roomplane.cpp(140): warning C4244: '인수': 'double'에서 'GLfloat'(으)로 변환하면서 데이터가 손실될 수 있습니다.
c:\users\gjsrl\documents\git_space\장윤_컴퓨터 그래픽스(with opengl)\hw4\roomplane.cpp(141): warning C4305: '인수': 'double'에서 'GLfloat'(으)로 잘립니다.
c:\users\gjsrl\documents\git_space\장윤_컴퓨터 그래픽스(with opengl)\hw4\roomplane.cpp(141): warning C4244: '인수': 'double'에서 'GLfloat'(으)로 변환하면서 데이터가 손실될 수 있습니다.
c:\users\gjsrl\documents\git_space\장윤_컴퓨터 그래픽스(with opengl)\hw4\roomplane.cpp(142): warning C4305: '인수': 'double'에서 'GLfloat'(으)로 잘립니다.
c:\users\gjsrl\documents\git_space\장윤_컴퓨터 그래픽스(with opengl)\hw4\roomplane.cpp(142): warning C4244: '인수': 'double'에서 'GLfloat'(으)로 변환하면서 데이터가 손실될 수 있습니다.
c:\users\gjsrl\documents\git_space\장윤_컴퓨터 그래픽스(with opengl)\hw4\roomplane.cpp(145): warning C4244: '인수': 'double'에서 'GLfloat'(으)로 변환하면서 데이터가 손실될 수 있습니다.
c:\users\gjsrl\documents\git_space\장윤_컴퓨터 그래픽스(with opengl)\hw4\roomplane.cpp(146): warning C4305: '인수': 'double'에서 'GLfloat'(으)로 잘립니다.
c:\users\gjsrl\documents\git_space\장윤_컴퓨터 그래픽스(with opengl)\hw4\roomplane.cpp(146): warning C4244: '인수': 'double'에서 'GLfloat'(으)로 변환하면서 데이터가 손실될 수 있습니다.
c:\users\gjsrl\documents\git_space\장윤_컴퓨터 그래픽스(with opengl)\hw4\roomplane.cpp(147): warning C4244: '인수': 'double'에서 'GLfloat'(으)로 변환하면서 데이터가 손실될 수 있습니다.
c:\users\gjsrl\documents\git_space\장윤_컴퓨터 그래픽스(with opengl)\hw4\roomplane.cpp(150): warning C4244: '인수': 'double'에서 'GLfloat'(으)로 변환하면서 데이터가 손실될 수 있습니다.
c:\users\gjsrl\documents\git_space\장윤_컴퓨터 그래픽스(with opengl)\hw4\roomplane.cpp(151): warning C4305: '인수': 'double'에서 'GLfloat'(으)로 잘립니다.
c:\users\gjsrl\documents\git_space\장윤_컴퓨터 그래픽스(with opengl)\hw4\roomplane.cpp(151): warning C4244: '인수': 'double'에서 'GLfloat'(으)로 변환하면서 데이터가 손실될 수 있습니다.
c:\users\gjsrl\documents\git_space\장윤_컴퓨터 그래픽스(with opengl)\hw4\roomplane.cpp(152): warning C4305: '인수': 'double'에서 'GLfloat'(으)로 잘립니다.
c:\users\gjsrl\documents\git_space\장윤_컴퓨터 그래픽스(with opengl)\hw4\roomplane.cpp(152): warning C4244: '인수': 'double'에서 'GLfloat'(으)로 변환하면서 데이터가 손실될 수 있습니다.
c:\users\gjsrl\documents\git_space\장윤_컴퓨터 그래픽스(with opengl)\hw4\roomplane.cpp(155): warning C4244: '인수': 'double'에서 'GLfloat'(으)로 변환하면서 데이터가 손실될 수 있습니다.
c:\users\gjsrl\documents\git_space\장윤_컴퓨터 그래픽스(with opengl)\hw4\roomplane.cpp(156): warning C4305: '인수': 'double'에서 'GLfloat'(으)로 잘립니다.
c:\users\gjsrl\documents\git_space\장윤_컴퓨터 그래픽스(with opengl)\hw4\roomplane.cpp(156): warning C4244: '인수': 'double'에서 'GLfloat'(으)로 변환하면서 데이터가 손실될 수 있습니다.
c:\users\gjsrl\documents\git_space\장윤_컴퓨터 그래픽스(with opengl)\hw4\roomplane.cpp(157): warning C4244: '인수': 'double'에서 'GLfloat'(으)로 변환하면서 데이터가 손실될 수 있습니다.
c:\users\gjsrl\documents\git_space\장윤_컴퓨터 그래픽스(with opengl)\hw4\roomplane.cpp(160): warning C4244: '인수': 'double'에서 'GLfloat'(으)로 변환하면서 데이터가 손실될 수 있습니다.
c:\users\gjsrl\documents\git_space\장윤_컴퓨터 그래픽스(with opengl)\hw4\roomplane.cpp(161): warning C4244: '인수': 'double'에서 'GLfloat'(으)로 변환하면서 데이터가 손실될 수 있습니다.
c:\users\gjsrl\documents\git_space\장윤_컴퓨터 그래픽스(with opengl)\hw4\roomplane.cpp(162): warning C4244: '인수': 'double'에서 'GLfloat'(으)로 변환하면서 데이터가 손실될 수 있습니다.
c:\users\gjsrl\documents\git_space\장윤_컴퓨터 그래픽스(with opengl)\hw4\roomplane.cpp(165): warning C4244: '인수': 'double'에서 'GLfloat'(으)로 변환하면서 데이터가 손실될 수 있습니다.
c:\users\gjsrl\documents\git_space\장윤_컴퓨터 그래픽스(with opengl)\hw4\roomplane.cpp(166): warning C4244: '인수': 'double'에서 'GLfloat'(으)로 변환하면서 데이터가 손실될 수 있습니다.
c:\users\gjsrl\documents\git_space\장윤_컴퓨터 그래픽스(with opengl)\hw4\roomplane.cpp(167): warning C4244: '인수': 'double'에서 'GLfloat'(으)로 변환하면서 데이터가 손실될 수 있습니다.
c:\users\gjsrl\documents\git_space\장윤_컴퓨터 그래픽스(with opengl)\hw4\roomplane.cpp(170): warning C4091: '': 변수를 선언하지 않으면 'void' 왼쪽은 무시됩니다.
c:\users\gjsrl\documents\git_space\장윤_컴퓨터 그래픽스(with opengl)\hw4\roomplane.cpp(173): warning C4305: '초기화 중': 'double'에서 'GLfloat'(으)로 잘립니다.
c:\users\gjsrl\documents\git_space\장윤_컴퓨터 그래픽스(with opengl)\hw4\roomplane.cpp(203): warning C4305: '인수': 'double'에서 'GLfloat'(으)로 잘립니다.
c:\users\gjsrl\documents\git_space\장윤_컴퓨터 그래픽스(with opengl)\hw4\roomplane.cpp(205): warning C4305: '인수': 'double'에서 'GLfloat'(으)로 잘립니다.
c:\users\gjsrl\documents\git_space\장윤_컴퓨터 그래픽스(with opengl)\hw4\roomplane.cpp(208): warning C4305: '인수': 'double'에서 'GLfloat'(으)로 잘립니다.
c:\users\gjsrl\documents\git_space\장윤_컴퓨터 그래픽스(with opengl)\hw4\roomplane.cpp(216): warning C4244: '인수': 'double'에서 'GLfloat'(으)로 변환하면서 데이터가 손실될 수 있습니다.
c:\users\gjsrl\documents\git_space\장윤_컴퓨터 그래픽스(with opengl)\hw4\roomplane.cpp(220): warning C4305: '인수': 'double'에서 'GLfloat'(으)로 잘립니다.
c:\users\gjsrl\documents\git_space\장윤_컴퓨터 그래픽스(with opengl)\hw4\roomplane.cpp(287): warning C4305: '인수': 'double'에서 'GLfloat'(으)로 잘립니다.
c:\users\gjsrl\documents\git_space\장윤_컴퓨터 그래픽스(with opengl)\hw4\roomplane.cpp(296): warning C4305: '인수': 'double'에서 'GLfloat'(으)로 잘립니다.
c:\users\gjsrl\documents\git_space\장윤_컴퓨터 그래픽스(with opengl)\hw4\roomplane.cpp(305): warning C4305: '인수': 'double'에서 'GLfloat'(으)로 잘립니다.
c:\users\gjsrl\documents\git_space\장윤_컴퓨터 그래픽스(with opengl)\hw4\roomplane.cpp(307): warning C4305: '인수': 'double'에서 'GLfloat'(으)로 잘립니다.
c:\users\gjsrl\documents\git_space\장윤_컴퓨터 그래픽스(with opengl)\hw4\roomplane.cpp(334): warning C4305: '인수': 'double'에서 'GLfloat'(으)로 잘립니다.
c:\users\gjsrl\documents\git_space\장윤_컴퓨터 그래픽스(with opengl)\hw4\roomplane.cpp(345): warning C4244: '=': 'double'에서 'GLfloat'(으)로 변환하면서 데이터가 손실될 수 있습니다.
c:\users\gjsrl\documents\git_space\장윤_컴퓨터 그래픽스(with opengl)\hw4\roomplane.cpp(363): warning C4305: '인수': 'double'에서 'GLclampf'(으)로 잘립니다.
c:\users\gjsrl\documents\git_space\장윤_컴퓨터 그래픽스(with opengl)\hw4\roomplane.cpp(516): warning C4244: '=': 'double'에서 'GLfloat'(으)로 변환하면서 데이터가 손실될 수 있습니다.
  HW4.vcxproj -> C:\Users\gjsrl\Documents\Git_space\장윤_컴퓨터 그래픽스(with OpenGL)\Debug\HW4.exe
